2022-08-04 17:01:59,439 INFO o.a.j.u.JMeterUtils: Setting Locale to en_EN
2022-08-04 17:01:59,485 INFO o.a.j.JMeter: Loading user properties from: /usr/local/Cellar/jmeter/5.4.3/libexec/bin/user.properties
2022-08-04 17:01:59,486 INFO o.a.j.JMeter: Loading system properties from: /usr/local/Cellar/jmeter/5.4.3/libexec/bin/system.properties
2022-08-04 17:01:59,495 INFO o.a.j.JMeter: Copyright (c) 1998-2021 The Apache Software Foundation
2022-08-04 17:01:59,495 INFO o.a.j.JMeter: Version 5.4.3
2022-08-04 17:01:59,495 INFO o.a.j.JMeter: java.version=17.0.2
2022-08-04 17:01:59,495 INFO o.a.j.JMeter: java.vm.name=OpenJDK 64-Bit Server VM
2022-08-04 17:01:59,495 INFO o.a.j.JMeter: os.name=Mac OS X
2022-08-04 17:01:59,496 INFO o.a.j.JMeter: os.arch=x86_64
2022-08-04 17:01:59,496 INFO o.a.j.JMeter: os.version=10.15.7
2022-08-04 17:01:59,496 INFO o.a.j.JMeter: file.encoding=UTF-8
2022-08-04 17:01:59,496 INFO o.a.j.JMeter: java.awt.headless=null
2022-08-04 17:01:59,496 INFO o.a.j.JMeter: Max memory     =1073741824
2022-08-04 17:01:59,496 INFO o.a.j.JMeter: Available Processors =8
2022-08-04 17:01:59,512 INFO o.a.j.JMeter: Default Locale=English (EN)
2022-08-04 17:01:59,512 INFO o.a.j.JMeter: JMeter  Locale=English (EN)
2022-08-04 17:01:59,512 INFO o.a.j.JMeter: JMeterHome=/usr/local/Cellar/jmeter/5.4.3/libexec
2022-08-04 17:01:59,512 INFO o.a.j.JMeter: user.dir  =/Users/nikitafadeenko/Desktop/ProggerFiles/qa_hw
2022-08-04 17:01:59,513 INFO o.a.j.JMeter: PWD       =/Users/nikitafadeenko/Desktop/ProggerFiles/qa_hw
2022-08-04 17:01:59,514 INFO o.a.j.JMeter: IP: 127.0.0.1 Name: MacBook-Pro-Nikita.local FullName: localhost
2022-08-04 17:02:00,740 INFO o.a.j.JMeter: Setting LAF to: laf:com.apple.laf.AquaLookAndFeel
2022-08-04 17:02:02,521 INFO o.a.j.JMeter: Loaded icon properties from org/apache/jmeter/images/icon.properties
2022-08-04 17:02:04,255 INFO o.j.r.JARSourceHTTP: Requesting https://jmeter-plugins.org/repo/?installID=mac_os_x-1f719cb044653cd84a2ded0073b5a6e3-gui
2022-08-04 17:02:06,626 INFO o.j.r.PluginManager: Plugins Status: [jpgc-graphs-basic=2.0, jpgc-functions=2.1, jpgc-casutg=2.10, jpgc-dummy=0.4, jpgc-ffw=2.0, jpgc-fifo=0.2, jpgc-perfmon=2.1, jpgc-plugins-manager=1.7, jpgc-tst=2.5, jmeter-core=5.4.3, jmeter-ftp=5.4.3, jmeter-http=5.4.3, jmeter-jdbc=5.4.3, jmeter-jms=5.4.3, jmeter-junit=5.4.3, jmeter-java=5.4.3, jmeter-ldap=5.4.3, jmeter-mail=5.4.3, jmeter-mongodb=5.4.3, jmeter-native=5.4.3, jmeter-tcp=5.4.3, jmeter-components=5.4.3, jpgc-standard=2.0]
2022-08-04 17:02:29,897 INFO o.a.j.s.FileServer: Default base='/Users/nikitafadeenko/Desktop/ProggerFiles/qa_hw'
2022-08-04 17:02:29,900 INFO o.a.j.g.a.Load: Loading file: /Users/nikitafadeenko/Desktop/ProggerFiles/qa_hw/hw10/Test Plan.jmx
2022-08-04 17:02:29,900 INFO o.a.j.s.FileServer: Set new base='/Users/nikitafadeenko/Desktop/ProggerFiles/qa_hw/hw10'
2022-08-04 17:02:30,131 INFO o.a.j.s.SaveService: Testplan (JMX) version: 2.2. Testlog (JTL) version: 2.2
2022-08-04 17:02:30,143 INFO o.a.j.s.SaveService: Using SaveService properties version 5.0
2022-08-04 17:02:30,146 INFO o.a.j.s.SaveService: Using SaveService properties file encoding UTF-8
2022-08-04 17:02:30,148 INFO o.a.j.s.SaveService: Loading file: /Users/nikitafadeenko/Desktop/ProggerFiles/qa_hw/hw10/Test Plan.jmx
2022-08-04 17:02:30,381 INFO o.a.j.p.h.s.HTTPSamplerBase: Parser for text/html is org.apache.jmeter.protocol.http.parser.LagartoBasedHtmlParser
2022-08-04 17:02:30,382 INFO o.a.j.p.h.s.HTTPSamplerBase: Parser for application/xhtml+xml is org.apache.jmeter.protocol.http.parser.LagartoBasedHtmlParser
2022-08-04 17:02:30,382 INFO o.a.j.p.h.s.HTTPSamplerBase: Parser for application/xml is org.apache.jmeter.protocol.http.parser.LagartoBasedHtmlParser
2022-08-04 17:02:30,382 INFO o.a.j.p.h.s.HTTPSamplerBase: Parser for text/xml is org.apache.jmeter.protocol.http.parser.LagartoBasedHtmlParser
2022-08-04 17:02:30,382 INFO o.a.j.p.h.s.HTTPSamplerBase: Parser for text/vnd.wap.wml is org.apache.jmeter.protocol.http.parser.RegexpHTMLParser
2022-08-04 17:02:30,382 INFO o.a.j.p.h.s.HTTPSamplerBase: Parser for text/css is org.apache.jmeter.protocol.http.parser.CssParser
2022-08-04 17:02:30,636 INFO o.a.j.s.SampleResult: Note: Sample TimeStamps are START times
2022-08-04 17:02:30,636 INFO o.a.j.s.SampleResult: sampleresult.default.encoding is set to ISO-8859-1
2022-08-04 17:02:30,636 INFO o.a.j.s.SampleResult: sampleresult.useNanoTime=true
2022-08-04 17:02:30,636 INFO o.a.j.s.SampleResult: sampleresult.nanoThreadSleep=5000
2022-08-04 17:02:30,849 INFO o.a.j.v.ViewResultsFullVisualizer: Add JavaFX to your Java installation if you want to use renderer: org.apache.jmeter.visualizers.RenderInBrowser
2022-08-04 17:02:30,991 INFO o.a.j.v.ViewResultsFullVisualizer: Add JavaFX to your Java installation if you want to use renderer: org.apache.jmeter.visualizers.RenderInBrowser
2022-08-04 17:02:31,107 INFO o.a.j.v.ViewResultsFullVisualizer: Add JavaFX to your Java installation if you want to use renderer: org.apache.jmeter.visualizers.RenderInBrowser
2022-08-04 17:02:31,176 INFO o.a.j.v.ViewResultsFullVisualizer: Add JavaFX to your Java installation if you want to use renderer: org.apache.jmeter.visualizers.RenderInBrowser
2022-08-04 17:02:31,226 INFO o.a.j.s.FileServer: Set new base='/Users/nikitafadeenko/Desktop/ProggerFiles/qa_hw/hw10'
